2020-03-30 00:31:39.442  INFO 8808 --- [main] lavalink.server.Launcher                 : 

[32m       .  [31m _                  _ _       _    [32m__ _ _
[32m      /\\ [31m| | __ ___   ____ _| (_)_ __ | | __[32m\ \ \ \
[32m     ( ( )[31m| |/ _` \ \ / / _` | | | '_ \| |/ /[32m \ \ \ \
[32m      \\/ [31m| | (_| |\ V / (_| | | | | | |   < [32m  ) ) ) )
[32m       '  [31m|_|\__,_| \_/ \__,_|_|_|_| |_|_|\_\[32m / / / /
[0m    =========================================[32m/_/_/_/[0m

	Version:        e7220eaecb3f1db1cd21a1c1ba47d464358b141f-SNAPSHOT
	Build:          1002
	Build time:     28.03.2020 19:31:09 UTC
	Branch          master
	Commit:         e7220ea
	Commit time:    28.03.2020 19:29:10 UTC
	JVM:            14
	Lavaplayer      1.3.38

2020-03-30 00:31:39.539  INFO 8808 --- [main] lavalink.server.Launcher                 : Starting Launcher on LAPTOP-EDC8QA4L with PID 8808 (C:\Users\91783\Documents\DiscordBot\bot_v1\lavalink\Lavalink.jar started by 91783 in C:\Users\91783\Documents\DiscordBot\bot_v1\lavalink)
2020-03-30 00:31:39.540  INFO 8808 --- [main] lavalink.server.Launcher                 : No active profile set, falling back to default profiles: default
2020-03-30 00:31:39.609  WARN 8808 --- [background-preinit] o.s.h.c.j.Jackson2ObjectMapperBuilder    : For Jackson Kotlin classes support please add "com.fasterxml.jackson.module:jackson-module-kotlin" to the classpath
2020-03-30 00:31:40.498  WARN 8808 --- [main] io.undertow.websockets.jsr               : UT026010: Buffer pool was not set on WebSocketDeploymentInfo, the default pool will be used
2020-03-30 00:31:40.522  INFO 8808 --- [main] io.undertow.servlet                      : Initializing Spring embedded WebApplicationContext
2020-03-30 00:31:40.523  INFO 8808 --- [main] o.s.web.context.ContextLoader            : Root WebApplicationContext: initialization completed in 943 ms
2020-03-30 00:31:40.798  WARN 8808 --- [main] l.server.config.SentryConfiguration      : Turning off sentry
2020-03-30 00:31:40.806  INFO 8808 --- [main] l.s.c.AudioSendFactoryConfiguration      : OS: Windows 10, Arch: amd64
2020-03-30 00:31:40.807  INFO 8808 --- [main] l.s.c.AudioSendFactoryConfiguration      : JDA-NAS supported system detected. Enabled native audio sending.
2020-03-30 00:31:40.807  INFO 8808 --- [main] l.s.c.AudioSendFactoryConfiguration      : Setting buffer to 400ms
2020-03-30 00:31:40.807  INFO 8808 --- [main] l.s.c.AudioSendFactoryConfiguration      : Setting playlist load limit to 6
2020-03-30 00:31:41.076  INFO 8808 --- [main] c.s.d.l.tools.GarbageCollectionMonitor   : GC monitoring enabled, reporting results every 2 minutes.
2020-03-30 00:31:41.435  INFO 8808 --- [main] o.s.s.concurrent.ThreadPoolTaskExecutor  : Initializing ExecutorService 'applicationTaskExecutor'
2020-03-30 00:31:41.696  INFO 8808 --- [main] org.xnio                                 : XNIO version 3.3.8.Final
2020-03-30 00:31:41.708  INFO 8808 --- [main] org.xnio.nio                             : XNIO NIO Implementation Version 3.3.8.Final
2020-03-30 00:31:41.784  INFO 8808 --- [main] o.s.b.w.e.u.UndertowServletWebServer     : Undertow started on port(s) 2333 (http) with context path ''
2020-03-30 00:31:41.789  INFO 8808 --- [main] lavalink.server.Launcher                 : Started Launcher in 2.759 seconds (JVM running for 3.347)
